{
  "RSpec": {
    "coverage": {
      "/Users/Daisi/Desktop/Checkpoints/BucketList/app/controllers/api/v1/authorizations_controller.rb": [
        1,
        1,
        1,
        null,
        1,
        2,
        1,
        1,
        1,
        null,
        1,
        null,
        null,
        null,
        1,
        1,
        1,
        1,
        null,
        null,
        1,
        1,
        1,
        null,
        null,
        1,
        2,
        null,
        null
      ],
      "/Users/Daisi/Desktop/Checkpoints/BucketList/app/controllers/application_controller.rb": [
        1,
        1,
        1,
        null,
        null,
        1,
        29,
        29,
        null,
        null,
        1,
        26,
        null,
        null,
        1,
        1,
        21,
        21,
        null,
        null,
        null,
        1,
        15,
        null,
        null
      ],
      "/Users/Daisi/Desktop/Checkpoints/BucketList/app/controllers/api/v1/bucketlists_controller.rb": [
        1,
        1,
        1,
        null,
        null,
        1,
        2,
        2,
        2,
        null,
        null,
        null,
        null,
        1,
        null,
        null,
        1,
        1,
        1,
        null,
        null,
        1,
        1,
        null,
        null,
        null,
        1,
        1,
        null,
        null,
        1,
        2,
        1,
        1,
        1,
        1,
        null,
        1,
        null,
        null,
        null,
        null,
        1,
        1,
        null,
        null,
        1,
        2,
        1,
        null,
        1,
        null,
        null,
        null,
        null,
        1,
        1,
        1,
        null,
        null,
        1,
        2,
        1,
        1,
        null,
        1,
        null,
        null,
        null,
        null,
        1,
        1,
        null,
        null,
        1,
        2,
        1,
        1,
        null,
        1,
        null,
        null,
        null,
        1,
        6,
        null,
        null,
        1,
        1,
        2,
        null,
        null
      ],
      "/Users/Daisi/Desktop/Checkpoints/BucketList/app/controllers/api/v1/items_controller.rb": [
        1,
        1,
        1,
        1,
        null,
        1,
        2,
        2,
        2,
        2,
        null,
        null,
        1,
        1,
        null,
        null,
        null,
        1,
        1,
        null,
        null,
        1,
        2,
        1,
        1,
        1,
        1,
        null,
        1,
        null,
        null,
        null,
        null,
        1,
        1,
        1,
        null,
        null,
        1,
        2,
        1,
        1,
        null,
        1,
        null,
        null,
        null,
        null,
        null,
        1,
        1,
        null,
        null,
        1,
        2,
        1,
        1,
        null,
        1,
        null,
        null,
        null,
        1,
        4,
        null,
        null,
        1,
        6,
        null,
        null,
        1,
        1,
        2,
        null,
        null
      ],
      "/Users/Daisi/Desktop/Checkpoints/BucketList/app/controllers/api/v1/users_controller.rb": [
        1,
        null,
        1,
        1,
        1,
        null,
        1,
        2,
        2,
        2,
        2,
        2,
        null,
        null,
        null,
        1,
        null,
        1,
        1,
        1,
        null,
        null,
        1,
        1,
        null,
        null,
        null,
        1,
        1,
        null,
        null,
        1,
        1,
        1,
        null,
        null,
        null,
        1,
        1,
        null,
        1,
        2,
        1,
        null,
        1,
        null,
        null,
        null,
        null,
        1,
        1,
        1,
        null,
        null,
        1,
        2,
        1,
        1,
        null,
        1,
        null,
        null,
        null,
        null,
        1,
        1,
        null,
        null,
        1,
        2,
        1,
        1,
        null,
        1,
        null,
        null,
        null,
        null,
        1,
        1,
        2,
        null,
        null,
        null,
        null
      ],
      "/Users/Daisi/Desktop/Checkpoints/BucketList/app/models/bucketlist.rb": [
        1,
        1,
        1,
        null,
        null,
        null,
        null,
        null,
        null,
        null,
        null,
        null,
        null
      ],
      "/Users/Daisi/Desktop/Checkpoints/BucketList/app/models/item.rb": [
        1,
        1,
        null
      ],
      "/Users/Daisi/Desktop/Checkpoints/BucketList/app/models/user.rb": [
        1,
        1,
        1,
        1,
        null,
        1,
        1,
        null,
        null,
        1,
        48,
        3,
        null,
        null,
        1,
        1,
        3,
        null,
        null,
        1,
        45,
        null,
        null
      ],
      "/Users/Daisi/Desktop/Checkpoints/BucketList/app/serializers/user_serializer.rb": [
        1,
        1,
        null
      ],
      "/Users/Daisi/Desktop/Checkpoints/BucketList/app/serializers/bucketlist_serializer.rb": [
        1,
        1,
        1,
        null,
        1,
        1,
        1,
        1,
        null,
        1,
        4,
        null,
        null,
        null
      ],
      "/Users/Daisi/Desktop/Checkpoints/BucketList/app/serializers/item_serializer.rb": [
        1,
        1,
        null,
        1,
        null,
        null
      ]
    },
    "timestamp": 1444292675
  }
}
